#
# There is insufficient memory for the Java Runtime Environment to continue.
# Native memory allocation (malloc) failed to allocate 571056 bytes for Chunk::new
# Possible reasons:
#   The system is out of physical RAM or swap space
#   The process is running with CompressedOops enabled, and the Java Heap may be blocking the growth of the native heap
# Possible solutions:
#   Reduce memory load on the system
#   Increase physical memory or swap space
#   Check if swap backing store is full
#   Decrease Java heap size (-Xmx/-Xms)
#   Decrease number of Java threads
#   Decrease Java thread stack sizes (-Xss)
#   Set larger code cache with -XX:ReservedCodeCacheSize=
#   JVM is running with Unscaled Compressed Oops mode in which the Java heap is
#     placed in the first 4GB address space. The Java Heap base address is the
#     maximum limit for the native heap growth. Please use -XX:HeapBaseMinAddress
#     to set the Java Heap base and to place the Java Heap above 4GB virtual address.
# This output file may be truncated or incomplete.
#
#  Out of Memory Error (allocation.cpp:389), pid=8292, tid=0x00000000000022ec
#
# JRE version: Java(TM) SE Runtime Environment (8.0_261-b12) (build 1.8.0_261-b12)
# Java VM: Java HotSpot(TM) 64-Bit Server VM (25.261-b12 mixed mode windows-amd64 compressed oops)
# Failed to write core dump. Minidumps are not enabled by default on client versions of Windows
#

---------------  T H R E A D  ---------------

Current thread (0x000001dfb24ae800):  JavaThread "C2 CompilerThread0" daemon [_thread_in_native, id=8940, stack(0x0000002782d00000,0x0000002782e00000)]

Stack: [0x0000002782d00000,0x0000002782e00000]
Native frames: (J=compiled Java code, j=interpreted, Vv=VM code, C=native code)
V  [jvm.dll+0x33e5f9]
V  [jvm.dll+0x2850e2]
V  [jvm.dll+0x285d8d]
V  [jvm.dll+0x27c895]
V  [jvm.dll+0xe4d6c]
V  [jvm.dll+0xe556c]
V  [jvm.dll+0x461812]
V  [jvm.dll+0x49cc3d]
V  [jvm.dll+0x4518c1]
V  [jvm.dll+0x44eb84]
V  [jvm.dll+0x439bc7]
V  [jvm.dll+0xbbbcb]
V  [jvm.dll+0xba22b]
V  [jvm.dll+0x24d962]
V  [jvm.dll+0x2a1cfc]
C  [ucrtbase.dll+0x214c2]
C  [KERNEL32.DLL+0x17034]
C  [ntdll.dll+0x4d0d1]


Current CompileTask:
C2:  12078 2309       4       org.codehaus.groovy.runtime.metaclass.MetaMethodIndex::addMethodToList (298 bytes)


---------------  P R O C E S S  ---------------

Java Threads: ( => current thread )
  0x000001dfb52c6800 JavaThread "Cache worker for execution history cache (C:\Users\Luis\.gradle\caches\6.2\executionHistory)" [_thread_blocked, id=812, stack(0x0000002784200000,0x0000002784300000)]
  0x000001dfb52ca000 JavaThread "Cache worker for cache directory md-rule (C:\Users\Luis\.gradle\caches\6.2\md-rule)" [_thread_blocked, id=10008, stack(0x0000002784100000,0x0000002784200000)]
  0x000001dfb52c5800 JavaThread "Cache worker for cache directory md-supplier (C:\Users\Luis\.gradle\caches\6.2\md-supplier)" [_thread_blocked, id=6016, stack(0x0000002784000000,0x0000002784100000)]
  0x000001dfb52c7000 JavaThread "Cache worker for file hash cache (C:\Users\Luis\Documents\Hispanos Soluciones\SmartWork\Pandemik\Aplicaciones Moviles\appcliente\android\.gradle\6.2\fileHashes)" [_thread_blocked, id=5392, stack(0x0000002783f00000,0x0000002784000000)]
  0x000001dfb52c4000 JavaThread "Cache worker for checksums cache (C:\Users\Luis\Documents\Hispanos Soluciones\SmartWork\Pandemik\Aplicaciones Moviles\appcliente\android\.gradle\checksums)" [_thread_blocked, id=9020, stack(0x0000002783e00000,0x0000002783f00000)]
  0x000001dfb52c9800 JavaThread "Cache worker for file hash cache (C:\Users\Luis\.gradle\caches\6.2\fileHashes)" [_thread_blocked, id=8280, stack(0x0000002783d00000,0x0000002783e00000)]
  0x000001dfb52c3800 JavaThread "File lock request listener" [_thread_in_native, id=9536, stack(0x0000002783c00000,0x0000002783d00000)]
  0x000001dfb52c8800 JavaThread "Cache worker for journal cache (C:\Users\Luis\.gradle\caches\journal-1)" [_thread_blocked, id=2444, stack(0x0000002783b00000,0x0000002783c00000)]
  0x000001dfb4823000 JavaThread "Thread-9" [_thread_blocked, id=5204, stack(0x0000002783a00000,0x0000002783b00000)]
  0x000001dfb4822000 JavaThread "Stdin handler" [_thread_blocked, id=1236, stack(0x0000002783900000,0x0000002783a00000)]
  0x000001dfb4821000 JavaThread "Asynchronous log dispatcher for DefaultDaemonConnection: socket connection from /127.0.0.1:56589 to /127.0.0.1:56590" [_thread_blocked, id=7644, stack(0x0000002783800000,0x0000002783900000)]
  0x000001dfb481d000 JavaThread "Daemon worker" [_thread_in_vm, id=4328, stack(0x0000002783700000,0x0000002783800000)]
  0x000001dfb481a000 JavaThread "Cancel handler" [_thread_blocked, id=1316, stack(0x0000002783600000,0x0000002783700000)]
  0x000001dfb4782800 JavaThread "Handler for socket connection from /127.0.0.1:56589 to /127.0.0.1:56590" [_thread_in_native, id=3104, stack(0x0000002783500000,0x0000002783600000)]
  0x000001dfb4781800 JavaThread "Daemon" [_thread_blocked, id=3968, stack(0x0000002783400000,0x0000002783500000)]
  0x000001dfb477c800 JavaThread "Daemon periodic checks" [_thread_blocked, id=404, stack(0x0000002783300000,0x0000002783400000)]
  0x000001dfb4795800 JavaThread "Incoming local TCP Connector on port 56589" [_thread_in_native, id=9752, stack(0x0000002783200000,0x0000002783300000)]
  0x000001dfb4735800 JavaThread "Daemon health stats" [_thread_blocked, id=9640, stack(0x0000002783100000,0x0000002783200000)]
  0x000001dfb2514000 JavaThread "Service Thread" daemon [_thread_blocked, id=7380, stack(0x0000002782f00000,0x0000002783000000)]
  0x000001dfb250e800 JavaThread "C1 CompilerThread1" daemon [_thread_blocked, id=6788, stack(0x0000002782e00000,0x0000002782f00000)]
=>0x000001dfb24ae800 JavaThread "C2 CompilerThread0" daemon [_thread_in_native, id=8940, stack(0x0000002782d00000,0x0000002782e00000)]
  0x000001dfb24bb800 JavaThread "Attach Listener" daemon [_thread_blocked, id=6464, stack(0x0000002782c00000,0x0000002782d00000)]
  0x000001dfb24ba000 JavaThread "Signal Dispatcher" daemon [_thread_blocked, id=7668, stack(0x0000002782b00000,0x0000002782c00000)]
  0x000001dfb1fc5000 JavaThread "Finalizer" daemon [_thread_blocked, id=1676, stack(0x0000002782a00000,0x0000002782b00000)]
  0x000001dfb2494000 JavaThread "Reference Handler" daemon [_thread_blocked, id=6164, stack(0x0000002782900000,0x0000002782a00000)]
  0x000001df9be37800 JavaThread "main" [_thread_blocked, id=2956, stack(0x0000002782400000,0x0000002782500000)]

Other Threads:
  0x000001dfb2473000 VMThread [stack: 0x0000002782800000,0x0000002782900000] [id=5016]
  0x000001dfb2515000 WatcherThread [stack: 0x0000002783000000,0x0000002783100000] [id=6000]

VM state:not at safepoint (normal execution)

VM Mutex/Monitor currently owned by a thread: None

heap address: 0x0000000080000000, size: 2048 MB, Compressed Oops mode: 32-bit
Narrow klass base: 0x0000000000000000, Narrow klass shift: 3
Compressed class space size: 1073741824 Address: 0x0000000100000000

Heap:
 PSYoungGen      total 141824K, used 43618K [0x00000000d5580000, 0x00000000dea80000, 0x0000000100000000)
  eden space 131072K, 33% used [0x00000000d5580000,0x00000000d80189c0,0x00000000dd580000)
  from space 10752K, 0% used [0x00000000dd580000,0x00000000dd580000,0x00000000de000000)
  to   space 10752K, 0% used [0x00000000de000000,0x00000000de000000,0x00000000dea80000)
 ParOldGen       total 175104K, used 7574K [0x0000000080000000, 0x000000008ab00000, 0x00000000d5580000)
  object space 175104K, 4% used [0x0000000080000000,0x0000000080765988,0x000000008ab00000)
 Metaspace       used 29884K, capacity 30638K, committed 30976K, reserved 1077248K
  class space    used 4081K, capacity 4260K, committed 4352K, reserved 1048576K

Card table byte_map: [0x000001dfacc10000,0x000001dfad020000] byte_map_base: 0x000001dfac810000

Marking Bits: (ParMarkBitMap*) 0x0000000052cd4fb0
 Begin Bits: [0x000001dfad2d0000, 0x000001dfaf2d0000)
 End Bits:   [0x000001dfaf2d0000, 0x000001dfb12d0000)

Polling page: 0x000001df9bfd0000

CodeCache: size=245760Kb used=9641Kb max_used=9641Kb free=236118Kb
 bounds [0x000001df9d850000, 0x000001df9e1c0000, 0x000001dfac850000]
 total_blobs=3029 nmethods=2355 adapters=588
 compilation: enabled

Compilation events (10 events):
Event: 12.016 Thread 0x000001dfb250e800 2332       3       java.lang.Long::valueOf (36 bytes)
Event: 12.017 Thread 0x000001dfb250e800 nmethod 2332 0x000001df9e1a6a50 code [0x000001df9e1a6bc0, 0x000001df9e1a6f38]
Event: 12.017 Thread 0x000001dfb250e800 2333       3       sun.reflect.UTF8::utf8Length (81 bytes)
Event: 12.017 Thread 0x000001dfb250e800 nmethod 2333 0x000001df9e1aef10 code [0x000001df9e1af0c0, 0x000001df9e1af750]
Event: 12.017 Thread 0x000001dfb250e800 2334   !   3       sun.reflect.UTF8::encode (191 bytes)
Event: 12.018 Thread 0x000001dfb250e800 nmethod 2334 0x000001df9e1afa10 code [0x000001df9e1afbe0, 0x000001df9e1b0530]
Event: 12.018 Thread 0x000001dfb250e800 2335       3       sun.reflect.ClassFileAssembler::emitConstantPoolUTF8 (50 bytes)
Event: 12.019 Thread 0x000001dfb250e800 nmethod 2335 0x000001df9e1b0b10 code [0x000001df9e1b0d00, 0x000001df9e1b1390]
Event: 12.021 Thread 0x000001dfb250e800 2337       3       sun.reflect.ClassFileAssembler::setStack (25 bytes)
Event: 12.021 Thread 0x000001dfb250e800 nmethod 2337 0x000001df9e1a66d0 code [0x000001df9e1a6820, 0x000001df9e1a69b8]

GC Heap History (10 events):
Event: 8.278 GC heap before
{Heap before GC invocations=11 (full 4):
 PSYoungGen      total 141824K, used 1040K [0x00000000d5580000, 0x00000000dea80000, 0x0000000100000000)
  eden space 131072K, 0% used [0x00000000d5580000,0x00000000d5580000,0x00000000dd580000)
  from space 10752K, 9% used [0x00000000dd580000,0x00000000dd684160,0x00000000de000000)
  to   space 10752K, 0% used [0x00000000de000000,0x00000000de000000,0x00000000dea80000)
 ParOldGen       total 175104K, used 8022K [0x0000000080000000, 0x000000008ab00000, 0x00000000d5580000)
  object space 175104K, 4% used [0x0000000080000000,0x00000000807d5828,0x000000008ab00000)
 Metaspace       used 26474K, capacity 27134K, committed 27264K, reserved 1077248K
  class space    used 3730K, capacity 3897K, committed 3968K, reserved 1048576K
Event: 8.333 GC heap after
Heap after GC invocations=11 (full 4):
 PSYoungGen      total 141824K, used 0K [0x00000000d5580000, 0x00000000dea80000, 0x0000000100000000)
  eden space 131072K, 0% used [0x00000000d5580000,0x00000000d5580000,0x00000000dd580000)
  from space 10752K, 0% used [0x00000000dd580000,0x00000000dd580000,0x00000000de000000)
  to   space 10752K, 0% used [0x00000000de000000,0x00000000de000000,0x00000000dea80000)
 ParOldGen       total 175104K, used 8944K [0x0000000080000000, 0x000000008ab00000, 0x00000000d5580000)
  object space 175104K, 5% used [0x0000000080000000,0x00000000808bc1a0,0x000000008ab00000)
 Metaspace       used 26474K, capacity 27134K, committed 27264K, reserved 1075200K
  class space    used 3730K, capacity 3897K, committed 3968K, reserved 1048576K
}
Event: 8.334 GC heap before
{Heap before GC invocations=12 (full 4):
 PSYoungGen      total 141824K, used 0K [0x00000000d5580000, 0x00000000dea80000, 0x0000000100000000)
  eden space 131072K, 0% used [0x00000000d5580000,0x00000000d5580020,0x00000000dd580000)
  from space 10752K, 0% used [0x00000000dd580000,0x00000000dd580000,0x00000000de000000)
  to   space 10752K, 0% used [0x00000000de000000,0x00000000de000000,0x00000000dea80000)
 ParOldGen       total 175104K, used 8944K [0x0000000080000000, 0x000000008ab00000, 0x00000000d5580000)
  object space 175104K, 5% used [0x0000000080000000,0x00000000808bc1a0,0x000000008ab00000)
 Metaspace       used 26474K, capacity 27134K, committed 27264K, reserved 1079296K
  class space    used 3730K, capacity 3897K, committed 3968K, reserved 1048576K
Event: 8.336 GC heap after
Heap after GC invocations=12 (full 4):
 PSYoungGen      total 141824K, used 32K [0x00000000d5580000, 0x00000000dea80000, 0x0000000100000000)
  eden space 131072K, 0% used [0x00000000d5580000,0x00000000d5580000,0x00000000dd580000)
  from space 10752K, 0% used [0x00000000de000000,0x00000000de008000,0x00000000dea80000)
  to   space 10752K, 0% used [0x00000000dd580000,0x00000000dd580000,0x00000000de000000)
 ParOldGen       total 175104K, used 8944K [0x0000000080000000, 0x000000008ab00000, 0x00000000d5580000)
  object space 175104K, 5% used [0x0000000080000000,0x00000000808bc1a0,0x000000008ab00000)
 Metaspace       used 26474K, capacity 27134K, committed 27264K, reserved 1079296K
  class space    used 3730K, capacity 3897K, committed 3968K, reserved 1048576K
}
Event: 8.336 GC heap before
{Heap before GC invocations=13 (full 5):
 PSYoungGen      total 141824K, used 32K [0x00000000d5580000, 0x00000000dea80000, 0x0000000100000000)
  eden space 131072K, 0% used [0x00000000d5580000,0x00000000d5580000,0x00000000dd580000)
  from space 10752K, 0% used [0x00000000de000000,0x00000000de008000,0x00000000dea80000)
  to   space 10752K, 0% used [0x00000000dd580000,0x00000000dd580000,0x00000000de000000)
 ParOldGen       total 175104K, used 8944K [0x0000000080000000, 0x000000008ab00000, 0x00000000d5580000)
  object space 175104K, 5% used [0x0000000080000000,0x00000000808bc1a0,0x000000008ab00000)
 Metaspace       used 26474K, capacity 27134K, committed 27264K, reserved 1079296K
  class space    used 3730K, capacity 3897K, committed 3968K, reserved 1048576K
Event: 8.380 GC heap after
Heap after GC invocations=13 (full 5):
 PSYoungGen      total 141824K, used 0K [0x00000000d5580000, 0x00000000dea80000, 0x0000000100000000)
  eden space 131072K, 0% used [0x00000000d5580000,0x00000000d5580000,0x00000000dd580000)
  from space 10752K, 0% used [0x00000000de000000,0x00000000de000000,0x00000000dea80000)
  to   space 10752K, 0% used [0x00000000dd580000,0x00000000dd580000,0x00000000de000000)
 ParOldGen       total 175104K, used 8728K [0x0000000080000000, 0x000000008ab00000, 0x00000000d5580000)
  object space 175104K, 4% used [0x0000000080000000,0x0000000080886358,0x000000008ab00000)
 Metaspace       used 26474K, capacity 27134K, committed 27264K, reserved 1075200K
  class space    used 3730K, capacity 3897K, committed 3968K, reserved 1048576K
}
Event: 8.381 GC heap before
{Heap before GC invocations=14 (full 5):
 PSYoungGen      total 141824K, used 0K [0x00000000d5580000, 0x00000000dea80000, 0x0000000100000000)
  eden space 131072K, 0% used [0x00000000d5580000,0x00000000d5580000,0x00000000dd580000)
  from space 10752K, 0% used [0x00000000de000000,0x00000000de000000,0x00000000dea80000)
  to   space 10752K, 0% used [0x00000000dd580000,0x00000000dd580000,0x00000000de000000)
 ParOldGen       total 175104K, used 8728K [0x0000000080000000, 0x000000008ab00000, 0x00000000d5580000)
  object space 175104K, 4% used [0x0000000080000000,0x0000000080886358,0x000000008ab00000)
 Metaspace       used 26474K, capacity 27134K, committed 27264K, reserved 1079296K
  class space    used 3730K, capacity 3897K, committed 3968K, reserved 1048576K
Event: 8.391 GC heap after
Heap after GC invocations=14 (full 5):
 PSYoungGen      total 141824K, used 0K [0x00000000d5580000, 0x00000000dea80000, 0x0000000100000000)
  eden space 131072K, 0% used [0x00000000d5580000,0x00000000d5580000,0x00000000dd580000)
  from space 10752K, 0% used [0x00000000dd580000,0x00000000dd580000,0x00000000de000000)
  to   space 10752K, 0% used [0x00000000de000000,0x00000000de000000,0x00000000dea80000)
 ParOldGen       total 175104K, used 8728K [0x0000000080000000, 0x000000008ab00000, 0x00000000d5580000)
  object space 175104K, 4% used [0x0000000080000000,0x0000000080886358,0x000000008ab00000)
 Metaspace       used 26474K, capacity 27134K, committed 27264K, reserved 1079296K
  class space    used 3730K, capacity 3897K, committed 3968K, reserved 1048576K
}
Event: 8.391 GC heap before
{Heap before GC invocations=15 (full 6):
 PSYoungGen      total 141824K, used 0K [0x00000000d5580000, 0x00000000dea80000, 0x0000000100000000)
  eden space 131072K, 0% used [0x00000000d5580000,0x00000000d5580000,0x00000000dd580000)
  from space 10752K, 0% used [0x00000000dd580000,0x00000000dd580000,0x00000000de000000)
  to   space 10752K, 0% used [0x00000000de000000,0x00000000de000000,0x00000000dea80000)
 ParOldGen       total 175104K, used 8728K [0x0000000080000000, 0x000000008ab00000, 0x00000000d5580000)
  object space 175104K, 4% used [0x0000000080000000,0x0000000080886358,0x000000008ab00000)
 Metaspace       used 26474K, capacity 27134K, committed 27264K, reserved 1079296K
  class space    used 3730K, capacity 3897K, committed 3968K, reserved 1048576K
Event: 8.550 GC heap after
Heap after GC invocations=15 (full 6):
 PSYoungGen      total 141824K, used 0K [0x00000000d5580000, 0x00000000dea80000, 0x0000000100000000)
  eden space 131072K, 0% used [0x00000000d5580000,0x00000000d5580000,0x00000000dd580000)
  from space 10752K, 0% used [0x00000000dd580000,0x00000000dd580000,0x00000000de000000)
  to   space 10752K, 0% used [0x00000000de000000,0x00000000de000000,0x00000000dea80000)
 ParOldGen       total 175104K, used 7574K [0x0000000080000000, 0x000000008ab00000, 0x00000000d5580000)
  object space 175104K, 4% used [0x0000000080000000,0x0000000080765988,0x000000008ab00000)
 Metaspace       used 26423K, capacity 27034K, committed 27264K, reserved 1075200K
  class space    used 3712K, capacity 3863K, committed 3968K, reserved 1048576K
}

Deoptimization events (10 events):
Event: 8.819 Thread 0x000001dfb481d000 Uncommon trap: reason=class_check action=maybe_recompile pc=0x000001df9df54040 method=sun.misc.URLClassPath.getLoader(I)Lsun/misc/URLClassPath$Loader; @ 239
Event: 8.842 Thread 0x000001dfb481d000 Uncommon trap: reason=unstable_if action=reinterpret pc=0x000001df9dfda3d8 method=java.lang.Class$MethodArray.addIfNotPresent(Ljava/lang/reflect/Method;)V @ 19
Event: 9.527 Thread 0x000001dfb481d000 Uncommon trap: reason=unstable_if action=reinterpret pc=0x000001df9db38d7c method=sun.nio.cs.UTF_8$Decoder.decode([BII[C)I @ 30
Event: 9.528 Thread 0x000001dfb481d000 Uncommon trap: reason=unstable_if action=reinterpret pc=0x000001df9da5534c method=sun.nio.cs.UTF_8$Encoder.encode([CII[B)I @ 33
Event: 9.538 Thread 0x000001dfb481d000 Uncommon trap: reason=class_check action=maybe_recompile pc=0x000001df9df53bc4 method=sun.misc.URLClassPath.getLoader(I)Lsun/misc/URLClassPath$Loader; @ 94
Event: 10.575 Thread 0x000001dfb481d000 Uncommon trap: reason=bimorphic action=maybe_recompile pc=0x000001df9e18ccc8 method=org.codehaus.groovy.runtime.metaclass.MetaMethodIndex.addMethodToList(Ljava/lang/Object;Lgroovy/lang/MetaMethod;)Ljava/lang/Object; @ 130
Event: 10.575 Thread 0x000001dfb481d000 Uncommon trap: reason=bimorphic action=maybe_recompile pc=0x000001df9e18ccc8 method=org.codehaus.groovy.runtime.metaclass.MetaMethodIndex.addMethodToList(Ljava/lang/Object;Lgroovy/lang/MetaMethod;)Ljava/lang/Object; @ 130
Event: 10.575 Thread 0x000001dfb481d000 Uncommon trap: reason=bimorphic action=maybe_recompile pc=0x000001df9e18ccc8 method=org.codehaus.groovy.runtime.metaclass.MetaMethodIndex.addMethodToList(Ljava/lang/Object;Lgroovy/lang/MetaMethod;)Ljava/lang/Object; @ 130
Event: 11.974 Thread 0x000001dfb481d000 Uncommon trap: reason=class_check action=maybe_recompile pc=0x000001df9d9ce7a0 method=java.lang.String.equals(Ljava/lang/Object;)Z @ 8
Event: 12.016 Thread 0x000001dfb481d000 Uncommon trap: reason=unstable_if action=reinterpret pc=0x000001df9dc65a40 method=java.util.concurrent.ConcurrentHashMap.putVal(Ljava/lang/Object;Ljava/lang/Object;Z)Ljava/lang/Object; @ 206

Classes redefined (0 events):
No events

Internal exceptions (10 events):
Event: 10.577 Thread 0x000001dfb481d000 Exception <a 'java/lang/ClassNotFoundException': java/lang/StringCustomizer> (0x00000000d7afb460) thrown at [C:\jenkins\workspace\8-2-build-windows-amd64-cygwin\jdk8u261\295\hotspot\src\share\vm\classfile\systemDictionary.cpp, line 210]
Event: 11.926 Thread 0x000001dfb481d000 Exception <a 'java/lang/ClassNotFoundException': org/gradle/internal/logging/slf4j/OutputEventListenerBackedLoggerBeanInfo> (0x00000000d7bed080) thrown at [C:\jenkins\workspace\8-2-build-windows-amd64-cygwin\jdk8u261\295\hotspot\src\share\vm\classfile\sys
Event: 11.927 Thread 0x000001dfb481d000 Exception <a 'java/lang/ClassNotFoundException': org/gradle/internal/logging/slf4j/BuildOperationAwareLoggerBeanInfo> (0x00000000d7c25738) thrown at [C:\jenkins\workspace\8-2-build-windows-amd64-cygwin\jdk8u261\295\hotspot\src\share\vm\classfile\systemDic
Event: 11.929 Thread 0x000001dfb481d000 Exception <a 'java/lang/ClassNotFoundException': org/gradle/internal/logging/slf4j/BuildOperationAwareLoggerCustomizer> (0x00000000d7c5e908) thrown at [C:\jenkins\workspace\8-2-build-windows-amd64-cygwin\jdk8u261\295\hotspot\src\share\vm\classfile\systemD
Event: 11.929 Thread 0x000001dfb481d000 Exception <a 'java/lang/ClassNotFoundException': org/gradle/internal/logging/slf4j/OutputEventListenerBackedLoggerCustomizer> (0x00000000d7c9f340) thrown at [C:\jenkins\workspace\8-2-build-windows-amd64-cygwin\jdk8u261\295\hotspot\src\share\vm\classfile\s
Event: 11.972 Thread 0x000001dfb481d000 Exception <a 'java/lang/ClassNotFoundException': java/lang/ExceptionBeanInfo> (0x00000000d7d1ddc0) thrown at [C:\jenkins\workspace\8-2-build-windows-amd64-cygwin\jdk8u261\295\hotspot\src\share\vm\classfile\systemDictionary.cpp, line 210]
Event: 11.972 Thread 0x000001dfb481d000 Exception <a 'java/lang/ClassNotFoundException': java/lang/ThrowableBeanInfo> (0x00000000d7d21be8) thrown at [C:\jenkins\workspace\8-2-build-windows-amd64-cygwin\jdk8u261\295\hotspot\src\share\vm\classfile\systemDictionary.cpp, line 210]
Event: 11.972 Thread 0x000001dfb481d000 Exception <a 'java/lang/ClassNotFoundException': java/lang/ThrowableCustomizer> (0x00000000d7d25a20) thrown at [C:\jenkins\workspace\8-2-build-windows-amd64-cygwin\jdk8u261\295\hotspot\src\share\vm\classfile\systemDictionary.cpp, line 210]
Event: 11.973 Thread 0x000001dfb481d000 Exception <a 'java/lang/ClassNotFoundException': java/lang/ExceptionCustomizer> (0x00000000d7d33ef8) thrown at [C:\jenkins\workspace\8-2-build-windows-amd64-cygwin\jdk8u261\295\hotspot\src\share\vm\classfile\systemDictionary.cpp, line 210]
Event: 11.974 Thread 0x000001dfb481d000 Exception <a 'java/lang/reflect/InvocationTargetException'> (0x00000000d7d3bf50) thrown at [C:\jenkins\workspace\8-2-build-windows-amd64-cygwin\jdk8u261\295\hotspot\src\share\vm\runtime\reflection.cpp, line 1092]

Events (10 events):
Event: 12.015 loading class sun/reflect/SerializationConstructorAccessorImpl done
Event: 12.016 loading class java/io/ObjectStreamClass$FieldReflectorKey
Event: 12.016 loading class java/io/ObjectStreamClass$FieldReflectorKey done
Event: 12.016 loading class java/io/ObjectStreamClass$FieldReflector
Event: 12.016 loading class java/io/ObjectStreamClass$FieldReflector done
Event: 12.016 Thread 0x000001dfb481d000 Uncommon trap: trap_request=0xffffff65 fr.pc=0x000001df9dc65a40
Event: 12.016 Executing VM operation: RevokeBias
Event: 12.016 Executing VM operation: RevokeBias done
Event: 12.016 Thread 0x000001dfb481d000 DEOPT PACKING pc=0x000001df9dc65a40 sp=0x00000027837fd120
Event: 12.016 Thread 0x000001dfb481d000 DEOPT UNPACKING pc=0x000001df9d895583 sp=0x00000027837fd0a0 mode 2


Dynamic libraries:
0x00007ff67b490000 - 0x00007ff67b4d7000 	C:\Program Files\Java\jdk1.8.0_261\bin\java.exe
0x00007ff96e630000 - 0x00007ff96e826000 	C:\Windows\SYSTEM32\ntdll.dll
0x00007ff96c910000 - 0x00007ff96c9cd000 	C:\Windows\System32\KERNEL32.DLL
0x00007ff96c040000 - 0x00007ff96c309000 	C:\Windows\System32\KERNELBASE.dll
0x00007ff96e1b0000 - 0x00007ff96e25c000 	C:\Windows\System32\ADVAPI32.dll
0x00007ff96d1d0000 - 0x00007ff96d26e000 	C:\Windows\System32\msvcrt.dll
0x00007ff96d550000 - 0x00007ff96d5ec000 	C:\Windows\System32\sechost.dll
0x00007ff96d0a0000 - 0x00007ff96d1cb000 	C:\Windows\System32\RPCRT4.dll
0x00007ff96c690000 - 0x00007ff96c830000 	C:\Windows\System32\USER32.dll
0x00007ff96c310000 - 0x00007ff96c332000 	C:\Windows\System32\win32u.dll
0x00007ff96e260000 - 0x00007ff96e28a000 	C:\Windows\System32\GDI32.dll
0x00007ff96bf30000 - 0x00007ff96c03b000 	C:\Windows\System32\gdi32full.dll
0x00007ff96c340000 - 0x00007ff96c3dd000 	C:\Windows\System32\msvcp_win.dll
0x00007ff96c3e0000 - 0x00007ff96c4e0000 	C:\Windows\System32\ucrtbase.dll
0x00007ff94d9b0000 - 0x00007ff94dc4b000 	C:\Windows\WinSxS\amd64_microsoft.windows.common-controls_6595b64144ccf1df_6.0.19041.746_none_ca02b4b61b8320a4\COMCTL32.dll
0x00007ff96cf80000 - 0x00007ff96cfb0000 	C:\Windows\System32\IMM32.DLL
0x00007ff9555d0000 - 0x00007ff9555e5000 	C:\Program Files\Java\jdk1.8.0_261\jre\bin\vcruntime140.dll
0x00007ff944cf0000 - 0x00007ff944d8b000 	C:\Program Files\Java\jdk1.8.0_261\jre\bin\msvcp140.dll
0x00000000524e0000 - 0x0000000052d4c000 	C:\Program Files\Java\jdk1.8.0_261\jre\bin\server\jvm.dll
0x00007ff96cfb0000 - 0x00007ff96cfb8000 	C:\Windows\System32\PSAPI.DLL
0x00007ff95dd40000 - 0x00007ff95dd49000 	C:\Windows\SYSTEM32\WSOCK32.dll
0x00007ff96d320000 - 0x00007ff96d38b000 	C:\Windows\System32\WS2_32.dll
0x00007ff94f4f0000 - 0x00007ff94f517000 	C:\Windows\SYSTEM32\WINMM.dll
0x00007ff9619e0000 - 0x00007ff9619ea000 	C:\Windows\SYSTEM32\VERSION.dll
0x00007ff969cf0000 - 0x00007ff969d02000 	C:\Windows\SYSTEM32\kernel.appcore.dll
0x00007ff964ce0000 - 0x00007ff964cf0000 	C:\Program Files\Java\jdk1.8.0_261\jre\bin\verify.dll
0x00007ff952940000 - 0x00007ff95296b000 	C:\Program Files\Java\jdk1.8.0_261\jre\bin\java.dll
0x00007ff9541b0000 - 0x00007ff9541c8000 	C:\Program Files\Java\jdk1.8.0_261\jre\bin\zip.dll
0x00007ff96d7a0000 - 0x00007ff96dee3000 	C:\Windows\System32\SHELL32.dll
0x00007ff969ef0000 - 0x00007ff96a67f000 	C:\Windows\SYSTEM32\windows.storage.dll
0x00007ff96e290000 - 0x00007ff96e5e6000 	C:\Windows\System32\combase.dll
0x00007ff96b700000 - 0x00007ff96b72c000 	C:\Windows\SYSTEM32\Wldp.dll
0x00007ff96d270000 - 0x00007ff96d31e000 	C:\Windows\System32\SHCORE.dll
0x00007ff96cfc0000 - 0x00007ff96d015000 	C:\Windows\System32\shlwapi.dll
0x00007ff96bca0000 - 0x00007ff96bcc6000 	C:\Windows\SYSTEM32\profapi.dll
0x00007ff953840000 - 0x00007ff95385c000 	C:\Program Files\Java\jdk1.8.0_261\jre\bin\net.dll
0x00007ff96b480000 - 0x00007ff96b4ea000 	C:\Windows\system32\mswsock.dll
0x00007ff952910000 - 0x00007ff952923000 	C:\Program Files\Java\jdk1.8.0_261\jre\bin\nio.dll
0x00007ff9539d0000 - 0x00007ff9539fa000 	C:\Users\Luis\.gradle\native\36\windows-amd64\native-platform.dll
0x00007ff964b40000 - 0x00007ff964b4d000 	C:\Program Files\Java\jdk1.8.0_261\jre\bin\management.dll
0x00007ff96b660000 - 0x00007ff96b678000 	C:\Windows\SYSTEM32\CRYPTSP.dll
0x00007ff96ae20000 - 0x00007ff96ae54000 	C:\Windows\system32\rsaenh.dll
0x00007ff96c660000 - 0x00007ff96c687000 	C:\Windows\System32\bcrypt.dll
0x00007ff96bc60000 - 0x00007ff96bc8e000 	C:\Windows\SYSTEM32\USERENV.dll
0x00007ff96c4e0000 - 0x00007ff96c560000 	C:\Windows\System32\bcryptprimitives.dll
0x00007ff96b650000 - 0x00007ff96b65c000 	C:\Windows\SYSTEM32\CRYPTBASE.dll
0x00007ff96b170000 - 0x00007ff96b1ab000 	C:\Windows\SYSTEM32\IPHLPAPI.DLL
0x00007ff96cea0000 - 0x00007ff96cea8000 	C:\Windows\System32\NSI.dll
0x00007ff964b20000 - 0x00007ff964b37000 	C:\Windows\SYSTEM32\dhcpcsvc6.DLL
0x00007ff964b00000 - 0x00007ff964b1d000 	C:\Windows\SYSTEM32\dhcpcsvc.DLL
0x00007ff96b1b0000 - 0x00007ff96b27b000 	C:\Windows\SYSTEM32\DNSAPI.dll
0x00007ff95af20000 - 0x00007ff95b104000 	C:\Windows\SYSTEM32\dbghelp.dll

VM Arguments:
jvm_args: -XX:MaxMetaspaceSize=256m -XX:+HeapDumpOnOutOfMemoryError -Xms256m -Xmx512m -Dfile.encoding=windows-1252 -Duser.country=VE -Duser.language=es -Duser.variant -Xmx2G 
java_command: org.gradle.launcher.daemon.bootstrap.GradleDaemon 6.2
java_class_path (initial): C:\Users\Luis\.gradle\wrapper\dists\gradle-6.2-all\dvufqs6kielxeao781pmk5huj\gradle-6.2\lib\gradle-launcher-6.2.jar
Launcher Type: SUN_STANDARD

Environment Variables:
_JAVA_OPTIONS=-Xmx2G
CLASSPATH=C:\Users\Luis\Documents\Hispanos Soluciones\SmartWork\Pandemik\Aplicaciones Moviles\appcliente\android\\gradle\wrapper\gradle-wrapper.jar
USERNAME=Luis
SHELL=C:\Program Files\Git\usr\bin\bash.exe
DISPLAY=needs-to-be-defined
OS=Windows_NT
PROCESSOR_IDENTIFIER=Intel64 Family 6 Model 23 Stepping 6, GenuineIntel



---------------  S Y S T E M  ---------------

OS: Windows 10.0 , 64 bit Build 19041 (10.0.19041.662)

CPU:total 2 (initial active 2) (2 cores per cpu, 1 threads per core) family 6 model 23 stepping 6, cmov, cx8, fxsr, mmx, sse, sse2, sse3, ssse3, sse4.1, tsc

Memory: 4k page, physical 6255988k(729132k free), swap 6255988k(16900k free)

vm_info: Java HotSpot(TM) 64-Bit Server VM (25.261-b12) for windows-amd64 JRE (1.8.0_261-b12), built on Jun 18 2020 06:56:32 by "" with unknown MS VC++:1916

time: Wed Jan 13 21:13:27 2021
timezone: Hora estándar de Venezuela
elapsed time: 12 seconds (0d 0h 0m 12s)

